0 info it worked if it ends with ok
1 verbose cli [ '/usr/local/bin/node',
1 verbose cli   '/usr/local/bin/npm',
1 verbose cli   'publish',
1 verbose cli   '--tag',
1 verbose cli   '1.0.6' ]
2 info using npm@3.6.0
3 info using node@v5.6.0
4 verbose publish [ '.' ]
5 verbose stack Error: Tag name must not be a valid SemVer range: 1.0.6
5 verbose stack     at EventEmitter.publish (/usr/local/lib/node_modules/npm/lib/publish.js:40:14)
5 verbose stack     at Object.commandCache.(anonymous function) (/usr/local/lib/node_modules/npm/lib/npm.js:216:13)
5 verbose stack     at EventEmitter.<anonymous> (/usr/local/lib/node_modules/npm/bin/npm-cli.js:74:30)
5 verbose stack     at nextTickCallbackWith0Args (node.js:453:9)
5 verbose stack     at process._tickCallback (node.js:382:13)
6 verbose cwd /Users/warren/Sites/backbone.highway.git
7 error Darwin 15.4.0
8 error argv "/usr/local/bin/node" "/usr/local/bin/npm" "publish" "--tag" "1.0.6"
9 error node v5.6.0
10 error npm  v3.6.0
11 error Tag name must not be a valid SemVer range: 1.0.6
12 error If you need help, you may report this error at:
12 error     <https://github.com/npm/npm/issues>
13 verbose exit [ 1, true ]
